tutor/specs/flux/step-title.spec.js
tutor/specs/models/window-size.spec.js
tutor/specs/models/purchases/purchase.spec.js
tutor/specs/models/job.spec.js
tutor/specs/models/payments.spec.js
tutor/specs/models/feature_flags.spec.js
tutor/specs/models/loader.spec.js
tutor/specs/models/student/task.spec.js
tutor/specs/models/time.spec.js
tutor/specs/models/user/menu.spec.js
tutor/specs/models/user/terms.spec.js
tutor/specs/models/tour.spec.js
tutor/specs/models/task-plan/stats.spec.js
tutor/specs/models/courses/student-preview-ux.spec.js
tutor/specs/models/courses/task-plans.spec.js
tutor/specs/models/courses/information.spec.js
tutor/specs/models/courses/scores.spec.js
tutor/specs/models/courses/scores/task-result.spec.js
tutor/specs/models/courses/period.spec.js
tutor/specs/models/courses/enroll.spec.js
tutor/specs/models/courses/offerings.spec.js
tutor/specs/models/courses/ux.spec.js
tutor/specs/models/courses/past-task-plans.spec.js
tutor/specs/models/courses/create.spec.js
tutor/specs/models/courses/onboarding/preview.spec.js
tutor/specs/models/courses/onboarding/base.spec.js
tutor/specs/models/courses/onboarding/index.spec.js
tutor/specs/models/courses/onboarding/student-course.spec.js
tutor/specs/models/courses/onboarding/full-course.spec.js
tutor/specs/models/courses/student.spec.js
tutor/specs/models/course.spec.js
tutor/specs/models/user.spec.js
tutor/specs/models/reference-book.spec.js
tutor/specs/models/reference-book/ux.spec.js
tutor/specs/models/tour/ride.spec.js
tutor/specs/models/tour/context.spec.js
tutor/specs/models/tour/step.spec.js
tutor/specs/models/tour/region.spec.js
tutor/specs/models/app.spec.js
tutor/specs/models/jobs/lms-score-push.spec.js
tutor/specs/models/jobs/task-plan-publish.spec.js
tutor/specs/models/jobs/scores-export.spec.js
tutor/specs/models/exercises.spec.js
tutor/specs/models/annotations.spec.js
tutor/specs/screens/lms-pair/index.spec.js
tutor/specs/screens/scores-report/late-work.spec.js
tutor/specs/screens/scores-report/summary-columns.spec.js
tutor/specs/screens/scores-report/ux.spec.js
tutor/specs/screens/scores-report/name-cell.spec.js
tutor/specs/screens/scores-report/student-data-sorter.spec.js
tutor/specs/screens/student-dashboard/empty-panel.spec.js
tutor/specs/screens/student-dashboard/upcoming-panel.spec.js
tutor/specs/screens/student-dashboard/this-week-panel.spec.js
tutor/specs/screens/teacher-dashboard/helper.spec.js
tutor/specs/screens/teacher-dashboard/month.spec.js
tutor/specs/screens/surveys.spec.js
tutor/specs/screens/reference-book.spec.js
tutor/specs/screens/new-course/ux.spec.js
tutor/specs/components/navbar/spec-test-params.js
tutor/specs/components/navbar/account_link.spec.js
tutor/specs/components/toasts/scores.spec.js
tutor/specs/components/toasts/lms.spec.js
tutor/specs/components/performance-forecast/weaker-panel.spec.js
tutor/specs/components/performance-forecast/section.spec.js
tutor/specs/components/performance-forecast/chapter.spec.js
tutor/specs/components/performance-forecast/practice-button.spec.js
tutor/specs/components/performance-forecast/index.spec.js
tutor/specs/components/performance-forecast/weaker-sections.spec.js
tutor/specs/components/task-plan/footer.spec.js
tutor/specs/components/task-plan/homework/exercises-table.spec.js
tutor/specs/components/task-plan/homework/review-exercises.spec.js
tutor/specs/components/task-plan/homework/choose-exercises.spec.js
tutor/specs/components/exercises/sectionizer.spec.js
tutor/specs/components/exercises/cards.spec.js
tutor/specs/components/exercises/preview.spec.js
tutor/specs/components/obscured-page.spec.js
tutor/specs/components/course-roster/bootstrap-data.js
tutor/specs/acceptance/my-courses.spec.js
tutor/specs/acceptance/dashboard.spec.js
tutor/specs/acceptance/survey.spec.js
tutor/specs/acceptance/setup.js
tutor/specs/acceptance/helpers/global-setup.js
tutor/specs/acceptance/helpers/working-directory.js
tutor/specs/acceptance/helpers/jest-environment.js
tutor/specs/acceptance/helpers/index.js
tutor/specs/acceptance/helpers/open-page.js
tutor/specs/acceptance/helpers/global-teardown.js
tutor/specs/acceptance/helpers/set-role.js
tutor/specs/acceptance/helpers/snapshot-page.js
tutor/specs/acceptance/helpers/images-dir.js
tutor/specs/factories/user.js
tutor/specs/factories/research_survey.js
tutor/specs/factories/index.js
tutor/specs/factories/course.js
tutor/specs/factories/task-plan-stats.js
tutor/specs/factories/ecosystem.js
tutor/specs/factories/scores.js
tutor/specs/factories/offering.js
tutor/specs/factories/helpers.js
tutor/specs/factories/exercise.js
tutor/specs/factories/dashboard.js
tutor/specs/factories/book.js
tutor/specs/factories/performance-forecast.js
tutor/specs/helpers/images-complete.spec.js
tutor/specs/helpers/dom.spec.js
tutor/specs/helpers/scores-data.js
tutor/specs/helpers/modal-wrapper.js
tutor/specs/helpers/flux-to-mobx.spec.js
tutor/specs/helpers/portals.js
tutor/specs/helpers/period.spec.js
tutor/specs/helpers/reload.spec.js
tutor/specs/helpers/analytics.spec.js
tutor/lms-pair.js
tutor/index.js
tutor/scripts/test-server/ports.js
tutor/scripts/test-server/time-now.js
tutor/scripts/test-server/frontend.js
tutor/scripts/test-server/log.js
tutor/scripts/test-server/index.js
tutor/scripts/test-server/backend/previous-plans.js
tutor/scripts/test-server/backend/offerings.js
tutor/scripts/test-server/backend/bootstrap.js
tutor/scripts/test-server/backend/dashboard.js
tutor/scripts/test-server/backend/performance-forecast.js
tutor/scripts/test-server/role-from-args.js
tutor/scripts/test-server/backend.js
tutor/scripts/accessibility-audit/index.js
tutor/src/tours/index.js
tutor/src/flux/course.js
tutor/src/models/course-calendar/ux.js
tutor/src/models/__mocks__/loader.js
tutor/src/models/job.js
tutor/src/models/research-surveys.js
tutor/src/models/purchases/purchase.js
tutor/src/models/course/offerings/previews.js
tutor/src/models/course/offerings/term.js
tutor/src/models/course/offerings/index.js
tutor/src/models/course/offerings/offering.js
tutor/src/models/course/past-task-plans.js
tutor/src/models/course/role.js
tutor/src/models/course/student-preview-ux.js
tutor/src/models/course/task-plans.js
tutor/src/models/course/scores/task-result.js
tutor/src/models/course/scores/student.js
tutor/src/models/course/scores/heading.js
tutor/src/models/course/scores/period.js
tutor/src/models/course/create.js
tutor/src/models/course/information.js
tutor/src/models/course/teacher.js
tutor/src/models/course/student.js
tutor/src/models/course/scores.js
tutor/src/models/course/roster.js
tutor/src/models/course/ux.js
tutor/src/models/course/pair-to-lms.js
tutor/src/models/course/enroll.js
tutor/src/models/course/period.js
tutor/src/models/course/lms.js
tutor/src/models/course/onboarding/full-course.js
tutor/src/models/course/onboarding/preview.js
tutor/src/models/course/onboarding/index.js
tutor/src/models/course/onboarding/student-course.js
tutor/src/models/course/onboarding/base.js
tutor/src/models/app/raven.js
tutor/src/models/feature_flags.js
tutor/src/models/purchases.js
tutor/src/models/user.js
tutor/src/models/time.js
tutor/src/models/student/task.js
tutor/src/models/course.js
tutor/src/models/user/terms.js
tutor/src/models/user/menu.js
tutor/src/models/user/viewed-tour-stat.js
tutor/src/models/chapter-section.js
tutor/src/models/payments.js
tutor/src/models/task-plan/review.js
tutor/src/models/task-plan/teacher.js
tutor/src/models/task-plan/stats.js
tutor/src/models/annotations.js
tutor/src/models/reference-book.js
tutor/src/models/annotations/hypothesis.js
tutor/src/models/annotations/annotation.js
tutor/src/models/annotations/ux.js
tutor/src/models/tour.js
tutor/src/models/tasking-plan.js
tutor/src/models/exercises/tag.js
tutor/src/models/exercises/exercise.js
tutor/src/models/reference-book/page.js
tutor/src/models/reference-book/chapter.js
tutor/src/models/reference-book/ux.js
tutor/src/models/ecosystems.js
tutor/src/models/tour/region.js
tutor/src/models/tour/actions.js
tutor/src/models/tour/actions/open-calendar-sidebar.js
tutor/src/models/tour/actions/reposition.js
tutor/src/models/tour/actions/open-dropdown-menu.js
tutor/src/models/tour/actions/base.js
tutor/src/models/tour/actions/open-support-menu.js
tutor/src/models/tour/actions/open-actions-menu.js
tutor/src/models/tour/actions/hover-exercise.js
tutor/src/models/tour/ride.js
tutor/src/models/tour/context.js
tutor/src/models/tour/step.js
tutor/src/models/student-tasks.js
tutor/src/models/exercises.js
tutor/src/models/courses-map.js
tutor/src/models/window-size.js
tutor/src/models/chat.js
tutor/src/models/jobs/scores-export.js
tutor/src/models/jobs/task-plan-publish.js
tutor/src/models/jobs/lms-score-push.js
tutor/src/models/app.js
tutor/src/models/toasts.js
tutor/src/models/research-surveys/survey.js
tutor/src/models/loader.js
tutor/src/models/ecosystems/ecosystem.js
tutor/src/models/ecosystems/book.js
tutor/src/screens/lms-pair/pair-request.js
tutor/src/screens/lms-pair/router.js
tutor/src/screens/lms-pair/create-course-ux.js
tutor/src/screens/lms-pair/ux.js
tutor/src/screens/lms-pair/app.js
tutor/src/screens/qa-view/ux.js
tutor/src/screens/scores-report/student-data-sorter.js
tutor/src/screens/scores-report/weights-ux.js
tutor/src/screens/scores-report/ux.js
tutor/src/screens/teacher-dashboard/helper.js
tutor/src/screens/reference-book/ux.js
tutor/src/screens/new-course/steps.bak.js
tutor/src/screens/new-course/steps.js
tutor/src/screens/new-course/ux.js
tutor/src/components/navbar/types.js
tutor/src/components/navbar/context.js
tutor/src/components/tours/custom/index.js
tutor/src/components/enroll/select-periods.js
tutor/src/components/annotations/highlighter.js
tutor/src/components/student-course.spec.js
tutor/src/components/obscured-page/index.js
tutor/src/components/obscured-page/overlay-registry.js
tutor/src/components/onboarding/nags.js
tutor/src/routes.js
tutor/src/helpers/bezier.js
tutor/src/helpers/number.js
tutor/src/helpers/computed-property.js
tutor/src/helpers/react.js
tutor/src/helpers/reload.js
tutor/src/helpers/dates.js
tutor/src/helpers/analytics.js
tutor/src/helpers/scroll-to.js
tutor/src/helpers/async-component.js
tutor/src/helpers/dom.js
tutor/src/helpers/download-data.js
tutor/src/helpers/exercise.js
tutor/src/helpers/images-complete.js
tutor/src/helpers/period.js
tutor/src/helpers/flux-to-mobx.js
tutor/src/helpers/task-plan.js
shared/specs/config/karma-in-background.js
shared/specs/components/exercise-badges/index.spec.js
shared/specs/components/exercise-preview/index.spec.js
shared/specs/components/question/answer.spec.js
shared/specs/components/question/index.spec.js
shared/specs/factories/index.js
shared/specs/factories/helpers.js
shared/specs/factories/exercise.js
shared/specs/model/exercise.spec.js
shared/specs/model/exercise/answer.spec.js
shared/specs/model/exercise/question.spec.js
shared/specs/model/exercise/tag.spec.js
shared/specs/helpers/exercise.spec.js
shared/specs/helpers/mathjax.spec.js
shared/api/exercise-multipart/steps.js
shared/src/mixins/ScrollListener.js
shared/src/index.js
shared/src/components/static.js
shared/src/model/types.js
shared/src/model/exercise/solution.js
shared/src/model/exercise/format.js
shared/src/model/exercise/author.js
shared/src/model/exercise/question.js
shared/src/model/exercise/answer.js
shared/src/model/exercise/tag.js
shared/src/model/exercise/attachment.js
shared/src/model/exercise/tag-association.js
shared/src/model/exercise.js
shared/src/model/api.js
shared/src/model/map.js
shared/src/model/toasts.js
shared/src/model.js
shared/src/helpers/lazy-getter.js
shared/src/helpers/mathjax.js
shared/src/helpers/task.js
shared/src/helpers/exercise.js
exercises/test/config/karma-in-background.js
exercises/test/example.js
exercises/test/phantomjs-shims.js
exercises/specs/factories.js
exercises/specs/models/exercises.spec.js
exercises/specs/components/exercise.spec.js
exercises/specs/components/tags/books.spec.js
exercises/specs/components/tags/cnx-mod.spec.js
exercises/specs/components/exercise/controls.spec.js
exercises/index.js
exercises/src/models/user.js
exercises/src/models/errors.js
exercises/src/models/exercises/exercise.js
exercises/src/models/exercises.js
exercises/src/models/search.js
exercises/src/models/toasts.js
exercises/src/components/exercise/published-toast.js
exercises/src/ux.js
exercises/src/api/adapter.js
exercises/src/api/index.js
tutor/specs/components/cc-dashboard/deskop-image.spec.cjsx
tutor/specs/components/task-plan/homework/exercise-controls.spec.cjsx
tutor/specs/components/task-plan/mini-editor/editor.spec.cjsx
tutor/specs/components/task-plan/mini-editor/index.spec.cjsx
tutor/specs/components/tutor-dialog.spec.cjsx
tutor/specs/components/helpers/calendar/index.cjsx
tutor/specs/components/helpers/utilities.cjsx
tutor/specs/components/helpers/task/index.cjsx
tutor/specs/components/icon.spec.cjsx
tutor/src/screens/student-dashboard/progress-guide.cjsx
tutor/src/components/icon.cjsx
tutor/src/components/media-preview.cjsx
tutor/src/components/cc-dashboard/dashboard.cjsx
tutor/src/components/cc-dashboard/help.cjsx
tutor/src/components/cc-dashboard/index.cjsx
tutor/src/components/cc-dashboard/desktop-image.cjsx
tutor/src/components/cc-dashboard/section-performance.cjsx
tutor/src/components/cc-dashboard/empty-period.cjsx
tutor/src/components/cc-dashboard/section.cjsx
tutor/src/components/cc-dashboard/chapter.cjsx
tutor/src/components/match-for-tutor.cjsx
tutor/src/components/dialog.cjsx
tutor/src/components/scroll-spy.cjsx
tutor/src/components/related-content-link.cjsx
tutor/src/components/tutor-dialog.cjsx
tutor/src/components/time.cjsx
tutor/src/components/tutor-popover.cjsx
tutor/src/components/countdown-redirect.cjsx
tutor/src/components/buttons/button-with-tip.cjsx
tutor/src/components/buttons/practice-button.cjsx
tutor/src/components/buttons/back-button.cjsx
tutor/src/components/unsaved-state.cjsx
tutor/src/components/scroll-to-link-mixin.cjsx
tutor/src/components/book-page.cjsx
tutor/src/components/loadable-item.cjsx
tutor/src/components/performance-forecast/weaker-panel.cjsx
tutor/src/components/performance-forecast/practice-button.cjsx
tutor/src/components/performance-forecast/index.cjsx
tutor/src/components/performance-forecast/guide.cjsx
tutor/src/components/performance-forecast/color-key.cjsx
tutor/src/components/performance-forecast/teacher.cjsx
tutor/src/components/performance-forecast/teacher-student.cjsx
tutor/src/components/performance-forecast/student.cjsx
tutor/src/components/performance-forecast/info-link.cjsx
tutor/src/components/performance-forecast/section.cjsx
tutor/src/components/performance-forecast/chapter.cjsx
tutor/src/components/performance-forecast/practice.cjsx
tutor/src/components/performance-forecast/progress-bar.cjsx
tutor/src/components/performance-forecast/statistics.cjsx
tutor/src/components/performance-forecast/weaker-sections.cjsx
tutor/src/components/link.cjsx
tutor/src/components/course-grouping-label.cjsx
tutor/src/components/time-difference.cjsx
tutor/src/components/loadable.cjsx
tutor/src/components/button-link.cjsx
tutor/src/components/task-plan/index.cjsx
tutor/src/components/task-plan/feedback.cjsx
tutor/src/components/task-plan/chapter-section.cjsx
tutor/src/components/task-plan/reading.cjsx
tutor/src/components/task-plan/homework.cjsx
tutor/src/components/task-plan/external/index.cjsx
tutor/src/components/task-plan/builder/tasking.cjsx
tutor/src/components/task-plan/builder/index.cjsx
tutor/src/components/task-plan/builder/date-time.cjsx
tutor/src/components/task-plan/builder/time-zone-settings-link.cjsx
tutor/src/components/task-plan/plan-mixin.cjsx
tutor/src/components/task-plan/event/index.cjsx
tutor/src/components/task-plan/mini-editor/editor.cjsx
tutor/src/components/tutor-errors.cjsx
tutor/src/components/tutor-input.cjsx
tutor/src/components/icons/add.cjsx
tutor/src/components/icons/arrow.cjsx
tutor/src/components/scroll-tracker.cjsx
tutor/src/components/task-step/placeholder.cjsx
tutor/src/components/task-step/step-with-reading-content.cjsx
tutor/src/components/task-step/step-footer.cjsx
tutor/src/components/task-step/step-mixin.cjsx
tutor/src/components/task-step/all-steps.cjsx
tutor/src/components/task-step/index.cjsx
tutor/src/components/task-step/exercise.cjsx
tutor/src/components/task-step/step-footer-mixin.cjsx
tutor/src/components/task-step/ends.cjsx
tutor/src/components/task-step/step.cjsx
tutor/src/components/task-step/concept-coach-end.cjsx
tutor/src/components/task/breadcrumbs.cjsx
tutor/src/components/task/details.cjsx
tutor/src/components/task/progress/index.cjsx
tutor/src/components/task/progress/milestones.cjsx
tutor/src/components/task/progress/panel.cjsx
tutor/src/components/task/index.cjsx
tutor/src/components/task/review.cjsx
tutor/src/components/task/teacher-review-controls.cjsx
tutor/src/components/task/viewing-as-student-name.cjsx
tutor/src/components/task/practice.cjsx
tutor/src/components/book-content-mixin.cjsx
tutor/src/components/grabby-dots.cjsx
tutor/src/components/related-content.cjsx
tutor/src/components/name.cjsx
tutor/src/components/breadcrumb/index.cjsx
tutor/src/components/ox-fancy-loader.cjsx
tutor/src/components/pluralize.cjsx
tutor/src/components/late-icon.cjsx
shared/full-build.cjsx
shared/specs/components/pinned-header-footer-card/index.spec.cjsx
shared/specs/components/enroll/confirm-join-course.spec.cjsx
shared/specs/components/enroll/cc-conflict-message.spec.cjsx
shared/specs/components/enroll/message-list.spec.cjsx
shared/specs/components/enroll/cc-join-conflict.spec.cjsx
shared/specs/components/exercise-identifier-link.spec.cjsx
shared/specs/components/ox-colored-stripe.spec.cjsx
shared/specs/components/notifications/course-has-ended.spec.cjsx
shared/specs/components/notifications/bar.spec.cjsx
shared/specs/components/notifications/missing-student-id.spec.cjsx
shared/specs/helpers/utilities.cjsx
shared/demo.cjsx
shared/src/components/pinned-header-footer-card/sections.cjsx
shared/src/components/pinned-header-footer-card/index.cjsx
shared/src/components/surety-guard.cjsx
shared/src/components/scroll-to-mixin.cjsx
shared/src/components/buttons/close-button.cjsx
shared/src/components/buttons/refresh-button.cjsx
shared/src/components/buttons/async-button.cjsx
shared/src/components/smart-overflow.cjsx
shared/src/components/enroll/cc-join-conflict.cjsx
shared/src/components/enroll/cc-conflict-message.cjsx
shared/src/components/enroll/message-list.cjsx
shared/src/components/enroll/confirm-join-course.cjsx
shared/src/components/exercise-preview/controls-overlay.cjsx
shared/src/components/ox-colored-stripe.cjsx
shared/src/components/html.cjsx
shared/src/components/bs-field-group.cjsx
shared/src/components/logos/concept-coach-horizontal.cjsx
shared/src/components/get-position-mixin.cjsx
shared/src/components/exercise-identifier-link.cjsx
shared/src/components/exercise/intro.cjsx
shared/src/components/exercise/part.cjsx
shared/src/components/exercise/mode.cjsx
shared/src/components/exercise/props.cjsx
shared/src/components/exercise/group.cjsx
shared/src/components/exercise/free-response.cjsx
shared/src/components/exercise/part-card.cjsx
shared/src/components/exercise/index.cjsx
shared/src/components/exercise/controls.cjsx
shared/src/components/demo.cjsx
shared/src/components/scroll-tracker.cjsx
shared/src/components/chapter-section-mixin.cjsx
shared/src/components/breadcrumb/index.cjsx
shared/src/components/change-student-id-form.cjsx
shared/src/components/markdown.cjsx
shared/src/components/notifications/bar.cjsx
shared/src/components/notifications/missing-student-id.cjsx
shared/src/components/notifications/email.cjsx
shared/src/components/notifications/course-has-ended.cjsx
shared/src/components/notifications/system.cjsx
shared/src/components/resize-listener-mixin.cjsx
shared/src/factories/link.cjsx
shared/src/factories/button-link.cjsx
shared/src/helpers/match-by-router.cjsx
shared/src/helpers/step-helps.cjsx
tutor/test/some-tests.coffee
tutor/specs/courses-test-data.coffee
tutor/specs/task-helpers.spec.coffee
tutor/specs/performance-forecast-store.spec.coffee
tutor/specs/flux/task-plan.spec.coffee
tutor/specs/flux/practice.spec.coffee
tutor/specs/flux/qa-exercise-data-filter.spec.coffee
tutor/specs/flux/time.spec.coffee
tutor/specs/flux/cc-dashboard.spec.coffee
tutor/specs/flux/media.spec.coffee
tutor/specs/flux/tasking.spec.coffee
tutor/specs/task-store.spec.coffee
tutor/specs/task-step-store.spec.coffee
tutor/specs/step-panel-policy.spec.coffee
tutor/specs/crud-store.spec.coffee
tutor/specs/components/unsaved-state.spec.coffee
tutor/specs/components/task-plan/reading-plan.spec.coffee
tutor/specs/components/task-plan/external-plan.spec.coffee
tutor/specs/components/task-plan/homework-plan.spec.coffee
tutor/specs/components/task-plan/builder/index.spec.coffee
tutor/specs/components/name.spec.coffee
tutor/specs/components/helpers/task-plan.coffee
tutor/specs/components/helpers/enzyme-context.coffee
tutor/specs/components/helpers/calendar/checks.coffee
tutor/specs/components/helpers/calendar/actions.coffee
tutor/specs/components/helpers/task/checks.coffee
tutor/specs/components/helpers/task/actions.coffee
tutor/specs/components/helpers/test-router.coffee
tutor/specs/components/helpers/component-testing.coffee
tutor/specs/helpers/content.spec.coffee
tutor/specs/helpers/task-plan.spec.coffee
tutor/specs/helpers/time.spec.coffee
tutor/specs/helpers/course-data.spec.coffee
tutor/specs/helpers/string.spec.coffee
tutor/src/flux/guide.coffee
tutor/src/flux/app.coffee
tutor/src/flux/task.coffee
tutor/src/flux/task-plan.coffee
tutor/src/flux/task-step.coffee
tutor/src/flux/step-title.coffee
tutor/src/flux/media.coffee
tutor/src/flux/reference-book-exercise.coffee
tutor/src/flux/task-panel.coffee
tutor/src/flux/transition.coffee
tutor/src/flux/qa-exercise-data-filter.coffee
tutor/src/flux/cc-dashboard.coffee
tutor/src/flux/performance-forecast.coffee
tutor/src/flux/task-progress.coffee
tutor/src/flux/helpers.coffee
tutor/src/flux/ecosystems.coffee
tutor/src/flux/practice.coffee
tutor/src/flux/time.coffee
tutor/src/flux/tasking.coffee
tutor/src/components/bind-stores-mixin.coffee
tutor/src/components/performance-forecast/chapter-section-type.coffee
tutor/src/components/task-plan/initialize-editing.coffee
tutor/src/api/index.coffee
tutor/src/api/adapter.coffee
tutor/src/helpers/task.coffee
tutor/src/helpers/window.coffee
tutor/src/helpers/clipboard.coffee
tutor/src/helpers/routes-and-destinations.coffee
tutor/src/helpers/webpack-async-loader.coffee
tutor/src/helpers/router.coffee
tutor/src/helpers/notifications.coffee
tutor/src/helpers/policies/index.coffee
tutor/src/helpers/policies/policies.coffee
tutor/src/helpers/policies/utils.coffee
tutor/src/helpers/function.coffee
tutor/src/helpers/content.coffee
tutor/src/helpers/course-data.coffee
tutor/src/helpers/durations.coffee
tutor/src/helpers/string.coffee
tutor/src/helpers/time.coffee
shared/specs/config/test-runner.coffee
shared/specs/config/karma.config.coffee
shared/specs/config/karma-dev.config.coffee
shared/specs/config/karma.common.coffee
shared/specs/config/karma-coverage.config.coffee
shared/specs/components/smart-overflow.spec.coffee
shared/specs/components/buttons/async-button.spec.coffee
shared/specs/components/buttons/refresh-button.spec.coffee
shared/specs/components/buttons/close-button.spec.coffee
shared/specs/components/surety-guard.spec.coffee
shared/specs/components/change-student-id-form.spec.coffee
shared/specs/components/exercise/group.spec.coffee
shared/specs/components/exercise/index.spec.coffee
shared/specs/components/chapter-section-mixin.spec.coffee
shared/specs/components/html.spec.coffee
shared/specs/components/breadcrumb/index.spec.coffee
shared/specs/components/notifications/system.spec.coffee
shared/specs/components/notifications/email.spec.coffee
shared/specs/model/notifications.spec.coffee
shared/specs/model/user.spec.coffee
shared/specs/model/networking.spec.coffee
shared/specs/model/ui-settings.spec.coffee
shared/specs/model/notifications/pollers.spec.coffee
shared/specs/model/urls.spec.coffee
shared/specs/helpers/fake-dom-node.coffee
shared/specs/helpers/fake-window.coffee
shared/specs/helpers/index.coffee
shared/specs/helpers/logging.spec.coffee
shared/specs/helpers/html-videos.coffee
shared/specs/helpers/task.spec.coffee
shared/api/exercise/index.coffee
shared/api/exercise-multipart/index.coffee
shared/src/components/handle-body-classes-mixin.coffee
shared/src/components/exercise/settings.coffee
shared/src/model/networking.coffee
shared/src/model/urls.coffee
shared/src/model/ui-settings.coffee
shared/src/model/notifications.coffee
shared/src/model/user.coffee
shared/src/model/notifications/pollers.coffee
shared/src/api/interceptors.coffee
shared/src/api/action-adapter.coffee
shared/src/api/collections.coffee
shared/src/api/index.coffee
shared/src/helpers/logging.coffee
shared/src/helpers/router.coffee
shared/src/helpers/props.coffee
shared/src/helpers/step-content.coffee
shared/src/helpers/keys.coffee
shared/src/helpers/html-videos.coffee
exercises/test/karma.config.coffee
exercises/test/config/test-runner.coffee
exercises/test/config/karma.config.coffee
exercises/test/config/karma-dev.config.coffee
exercises/test/config/karma.common.coffee
exercises/test/config/karma-coverage.config.coffee
exercises/test/all-tests.coffee
exercises/test/all-source-files.coffee
tutor/specs/models/student-tasks.spec.jsx
tutor/specs/screens/scores-report/set-weights-modal.spec.jsx
tutor/specs/screens/scores-report/overall-cell.spec.jsx
tutor/specs/screens/scores-report/assignment-cell.spec.jsx
tutor/specs/screens/scores-report/assignment-header.spec.jsx
tutor/specs/screens/scores-report/homework-cell.spec.jsx
tutor/specs/screens/scores-report/reading-cell.spec.jsx
tutor/specs/screens/scores-report/pie-progress.spec.jsx
tutor/specs/screens/scores-report/index.spec.jsx
tutor/specs/screens/scores-report/external-cell.spec.jsx
tutor/specs/screens/student-dashboard/homework-row.spec.jsx
tutor/specs/screens/student-dashboard/events-panel.spec.jsx
tutor/specs/screens/student-dashboard/dashboard.spec.jsx
tutor/specs/screens/student-dashboard/event-row.spec.jsx
tutor/specs/screens/student-dashboard/reading-row.spec.jsx
tutor/specs/screens/teacher-dashboard/past-assignments.spec.jsx
tutor/specs/screens/teacher-dashboard/add-assignment-sidebar.spec.jsx
tutor/specs/screens/teacher-dashboard/plan-details.spec.jsx
tutor/specs/screens/teacher-dashboard/header.spec.jsx
tutor/specs/screens/teacher-dashboard/sidebar-toggle.spec.jsx
tutor/specs/screens/qa-view.spec.jsx
tutor/specs/screens/new-course/bio2e.spec.jsx
tutor/specs/screens/new-course/select-course.spec.jsx
tutor/specs/screens/new-course/course-numbers.spec.jsx
tutor/specs/screens/new-course/wizard.spec.jsx
tutor/specs/screens/new-course/select-dates.spec.jsx
tutor/specs/screens/new-course/offering-title.spec.jsx
tutor/specs/screens/new-course/bio1e-unavailable.spec.jsx
tutor/specs/screens/new-course/index.spec.jsx
tutor/specs/screens/new-course/build-course.spec.jsx
tutor/specs/screens/question-library/dashboard.spec.jsx
tutor/specs/components/cc-dashboard/dashboard.spec.jsx
tutor/specs/components/cc-dashboard/index.spec.jsx
tutor/specs/components/navbar/course-nag.spec.jsx
tutor/specs/components/navbar/preview-add-course-btn.spec.jsx
tutor/specs/components/navbar/actions_menu.spec.jsx
tutor/specs/components/navbar/background-toasts.spec.jsx
tutor/specs/components/navbar/center-controls.spec.jsx
tutor/specs/components/navbar/index.spec.jsx
tutor/specs/components/navbar/support-menu.spec.jsx
tutor/specs/components/navbar/student-pay-now-btn.spec.jsx
tutor/specs/components/payments/manage.spec.jsx
tutor/specs/components/annotations.spec.jsx
tutor/specs/components/tours/conductor.spec.jsx
tutor/specs/components/tours/region.spec.jsx
tutor/specs/components/tours/custom/instructor-welcome-to-tutor.spec.jsx
tutor/specs/components/tours/custom/biology2e_available.spec.jsx
tutor/specs/components/tours/anchor.spec.jsx
tutor/specs/components/app.spec.jsx
tutor/specs/components/my-courses.spec.jsx
tutor/specs/components/buttons/browse-the-book.spec.jsx
tutor/specs/components/course-settings/student-access.spec.jsx
tutor/specs/components/error-monitoring/server-error-message.spec.jsx
tutor/specs/components/error-monitoring/handlers.spec.jsx
tutor/specs/components/error-monitoring/async-load-error.spec.jsx
tutor/specs/components/plan-stats/progress.spec.jsx
tutor/specs/components/plan-stats/index.spec.jsx
tutor/specs/components/task-plan/footer/help-tooltip.spec.jsx
tutor/specs/components/task-plan/footer/preview-button.spec.jsx
tutor/specs/components/task-plan/select-topics.spec.jsx
tutor/specs/components/task-plan/lms-info.spec.jsx
tutor/specs/components/sections-chooser.spec.jsx
tutor/specs/components/enroll.spec.jsx
tutor/specs/components/terms-modal.spec.jsx
tutor/specs/components/copy-on-focus-input.spec.jsx
tutor/specs/components/exercises/details.spec.jsx
tutor/specs/components/student-preview/builder-popup.spec.jsx
tutor/specs/components/student-preview/index.spec.jsx
tutor/specs/components/course-page.spec.jsx
tutor/specs/components/warning-model.spec.jsx
tutor/specs/components/task-teacher-review/breadcrumbs.spec.jsx
tutor/specs/components/task-teacher-review/index.spec.jsx
tutor/specs/components/task-teacher-review/exercise.spec.jsx
tutor/specs/components/paging-navigation.spec.jsx
tutor/specs/components/change-student-id.spec.jsx
tutor/specs/components/my-courses/pending-verification.spec.jsx
tutor/specs/components/multi-select.spec.jsx
tutor/specs/components/invalid-page.spec.jsx
tutor/specs/components/onboarding/expired-preview-warning.spec.jsx
tutor/specs/components/onboarding/second-session-warning.spec.jsx
tutor/specs/components/onboarding/preview-only-warning.spec.jsx
tutor/specs/components/onboarding/freshly-created-course.spec.jsx
tutor/specs/components/onboarding/pay-now-or-later.spec.jsx
tutor/specs/components/onboarding/free-trial-ended.spec.jsx
tutor/specs/components/onboarding/course-use-tips.spec.jsx
tutor/specs/components/onboarding/make-payment.spec.jsx
tutor/specs/components/onboarding/free-trial-activated.spec.jsx
tutor/specs/components/course-roster/add-teacher-link.spec.jsx
tutor/specs/components/course-roster/roster.spec.jsx
tutor/specs/components/course-roster/undrop-student.spec.jsx
tutor/src/screens/lms-pair/new-or-existing.jsx
tutor/test/some-tests.js
tutor/specs/step-panel-policy.spec.js
tutor/specs/courses-test-data.js
tutor/specs/flux/task-plan.spec.js
tutor/specs/flux/tasking.spec.js
tutor/specs/flux/media.spec.js
tutor/specs/flux/qa-exercise-data-filter.spec.js
tutor/specs/flux/time.spec.js
tutor/specs/flux/practice.spec.js
tutor/specs/flux/cc-dashboard.spec.js
tutor/specs/task-step-store.spec.js
tutor/specs/task-helpers.spec.js
tutor/specs/crud-store.spec.js
tutor/specs/components/name.spec.js
tutor/specs/components/cc-dashboard/deskop-image.spec.js
tutor/specs/components/icon.spec.js
tutor/specs/components/tutor-dialog.spec.js
tutor/specs/components/task-plan/external-plan.spec.js
tutor/specs/components/task-plan/homework-plan.spec.js
tutor/specs/components/task-plan/reading-plan.spec.js
tutor/specs/components/task-plan/homework/exercise-controls.spec.js
tutor/specs/components/task-plan/builder/index.spec.js
tutor/specs/components/task-plan/mini-editor/index.spec.js
tutor/specs/components/task-plan/mini-editor/editor.spec.js
tutor/specs/components/helpers/calendar/checks.js
tutor/specs/components/helpers/calendar/actions.js
tutor/specs/components/helpers/calendar/index.js
tutor/specs/components/helpers/test-router.js
tutor/specs/components/helpers/enzyme-context.js
tutor/specs/components/helpers/utilities.js
tutor/specs/components/helpers/component-testing.js
tutor/specs/components/helpers/task/checks.js
tutor/specs/components/helpers/task/actions.js
tutor/specs/components/helpers/task/index.js
tutor/specs/components/helpers/task-plan.js
tutor/specs/components/unsaved-state.spec.js
tutor/specs/performance-forecast-store.spec.js
tutor/specs/task-store.spec.js
tutor/specs/helpers/task-plan.spec.js
tutor/specs/helpers/time.spec.js
tutor/specs/helpers/course-data.spec.js
tutor/specs/helpers/content.spec.js
tutor/specs/helpers/string.spec.js
tutor/src/flux/reference-book-exercise.js
tutor/src/flux/transition.js
tutor/src/flux/step-title.js
tutor/src/flux/practice.js
tutor/src/flux/task-progress.js
tutor/src/flux/task-panel.js
tutor/src/flux/media.js
tutor/src/flux/task.js
tutor/src/flux/guide.js
tutor/src/flux/time.js
tutor/src/flux/task-step.js
tutor/src/flux/tasking.js
tutor/src/flux/ecosystems.js
tutor/src/flux/helpers.js
tutor/src/flux/qa-exercise-data-filter.js
tutor/src/flux/cc-dashboard.js
tutor/src/flux/performance-forecast.js
tutor/src/flux/app.js
tutor/src/flux/task-plan.js
tutor/src/screens/student-dashboard/progress-guide.js
tutor/src/components/cc-dashboard/empty-period.js
tutor/src/components/cc-dashboard/section.js
tutor/src/components/cc-dashboard/chapter.js
tutor/src/components/cc-dashboard/desktop-image.js
tutor/src/components/cc-dashboard/index.js
tutor/src/components/cc-dashboard/help.js
tutor/src/components/cc-dashboard/section-performance.js
tutor/src/components/cc-dashboard/dashboard.js
tutor/src/components/related-content-link.js
tutor/src/components/unsaved-state.js
tutor/src/components/tutor-dialog.js
tutor/src/components/ox-fancy-loader.js
tutor/src/components/bind-stores-mixin.js
tutor/src/components/buttons/practice-button.js
tutor/src/components/buttons/back-button.js
tutor/src/components/buttons/button-with-tip.js
tutor/src/components/loadable-item.js
tutor/src/components/match-for-tutor.js
tutor/src/components/button-link.js
tutor/src/components/bind-store-mixin.js
tutor/src/components/tutor-input.js
tutor/src/components/performance-forecast/progress-bar.js
tutor/src/components/performance-forecast/weaker-sections.js
tutor/src/components/performance-forecast/section.js
tutor/src/components/performance-forecast/practice.js
tutor/src/components/performance-forecast/chapter.js
tutor/src/components/performance-forecast/practice-button.js
tutor/src/components/performance-forecast/guide.js
tutor/src/components/performance-forecast/index.js
tutor/src/components/performance-forecast/info-link.js
tutor/src/components/performance-forecast/teacher.js
tutor/src/components/performance-forecast/student.js
tutor/src/components/performance-forecast/statistics.js
tutor/src/components/performance-forecast/chapter-section-type.js
tutor/src/components/performance-forecast/teacher-student.js
tutor/src/components/performance-forecast/weaker-panel.js
tutor/src/components/performance-forecast/color-key.js
tutor/src/components/time.js
tutor/src/components/icon.js
tutor/src/components/grabby-dots.js
tutor/src/components/link.js
tutor/src/components/scroll-spy.js
tutor/src/components/dialog.js
tutor/src/components/related-content.js
tutor/src/components/book-content-mixin.js
tutor/src/components/no-periods.js
tutor/src/components/task-plan/feedback.js
tutor/src/components/task-plan/reading.js
tutor/src/components/task-plan/index.js
tutor/src/components/task-plan/chapter-section.js
tutor/src/components/task-plan/homework.js
tutor/src/components/task-plan/initialize-editing.js
tutor/src/components/task-plan/external/index.js
tutor/src/components/task-plan/builder/index.js
tutor/src/components/task-plan/builder/tasking.js
tutor/src/components/task-plan/builder/tasking-date-times.js
tutor/src/components/task-plan/builder/time-zone-settings-link.js
tutor/src/components/task-plan/builder/date-time.js
tutor/src/components/task-plan/event/index.js
tutor/src/components/task-plan/mini-editor/loading.js
tutor/src/components/task-plan/mini-editor/index.js
tutor/src/components/task-plan/mini-editor/editor.js
tutor/src/components/task-plan/plan-mixin.js
tutor/src/components/name.js
tutor/src/components/media-preview.js
tutor/src/components/scroll-tracker.js
tutor/src/components/icons/arrow.js
tutor/src/components/icons/add.js
tutor/src/components/time-difference.js
tutor/src/components/task-step/step-footer.js
tutor/src/components/task-step/step-footer-mixin.js
tutor/src/components/task-step/placeholder.js
tutor/src/components/task-step/index.js
tutor/src/components/task-step/ends.js
tutor/src/components/task-step/concept-coach-end.js
tutor/src/components/task-step/exercise.js
tutor/src/components/task-step/step-with-reading-content.js
tutor/src/components/task-step/step-mixin.js
tutor/src/components/task-step/step.js
tutor/src/components/task-step/all-steps.js
tutor/src/components/task/teacher-review-controls.js
tutor/src/components/task/review.js
tutor/src/components/task/practice.js
tutor/src/components/task/progress/milestones.js
tutor/src/components/task/progress/index.js
tutor/src/components/task/progress/panel.js
tutor/src/components/task/index.js
tutor/src/components/task/breadcrumbs.js
tutor/src/components/task/details.js
tutor/src/components/task/viewing-as-student-name.js
tutor/src/components/loadable.js
tutor/src/components/late-icon.js
tutor/src/components/breadcrumb/index.js
tutor/src/components/course-grouping-label.js
tutor/src/components/countdown-redirect.js
tutor/src/components/tutor-errors.js
tutor/src/components/pluralize.js
tutor/src/components/tutor-popover.js
tutor/src/components/scroll-to-link-mixin.js
tutor/src/components/book-page.js
tutor/src/api/adapter.js
tutor/src/api/index.js
tutor/src/helpers/task.js
tutor/src/helpers/time.js
tutor/src/helpers/window.js
tutor/src/helpers/policies/index.js
tutor/src/helpers/policies/policies.js
tutor/src/helpers/policies/utils.js
tutor/src/helpers/clipboard.js
tutor/src/helpers/string.js
tutor/src/helpers/router.js
tutor/src/helpers/webpack-async-loader.js
tutor/src/helpers/course-data.js
tutor/src/helpers/function.js
tutor/src/helpers/content.js
tutor/src/helpers/routes-and-destinations.js
tutor/src/helpers/notifications.js
tutor/src/helpers/durations.js
shared/full-build.js
shared/specs/config/karma.common.js
shared/specs/config/karma-dev.config.js
shared/specs/config/karma.config.js
shared/specs/config/test-runner.js
shared/specs/config/karma-coverage.config.js
shared/specs/components/pinned-header-footer-card/index.spec.js
shared/specs/components/change-student-id-form.spec.js
shared/specs/components/buttons/close-button.spec.js
shared/specs/components/buttons/refresh-button.spec.js
shared/specs/components/buttons/async-button.spec.js
shared/specs/components/enroll/confirm-join-course.spec.js
shared/specs/components/enroll/cc-join-conflict.spec.js
shared/specs/components/enroll/message-list.spec.js
shared/specs/components/enroll/cc-conflict-message.spec.js
shared/specs/components/exercise-identifier-link.spec.js
shared/specs/components/chapter-section-mixin.spec.js
shared/specs/components/surety-guard.spec.js
shared/specs/components/ox-colored-stripe.spec.js
shared/specs/components/exercise/index.spec.js
shared/specs/components/exercise/group.spec.js
shared/specs/components/html.spec.js
shared/specs/components/breadcrumb/index.spec.js
shared/specs/components/smart-overflow.spec.js
shared/specs/components/notifications/missing-student-id.spec.js
shared/specs/components/notifications/system.spec.js
shared/specs/components/notifications/course-has-ended.spec.js
shared/specs/components/notifications/email.spec.js
shared/specs/components/notifications/bar.spec.js
shared/specs/model/urls.spec.js
shared/specs/model/ui-settings.spec.js
shared/specs/model/notifications.spec.js
shared/specs/model/user.spec.js
shared/specs/model/networking.spec.js
shared/specs/model/notifications/pollers.spec.js
shared/specs/helpers/html-videos.js
shared/specs/helpers/task.spec.js
shared/specs/helpers/fake-window.js
shared/specs/helpers/index.js
shared/specs/helpers/utilities.js
shared/specs/helpers/logging.spec.js
shared/specs/helpers/fake-dom-node.js
shared/demo.js
shared/api/exercise/index.js
shared/api/exercise-multipart/index.js
shared/src/components/html.js
shared/src/components/handle-body-classes-mixin.js
shared/src/components/smart-overflow.js
shared/src/components/pinned-header-footer-card/index.js
shared/src/components/pinned-header-footer-card/sections.js
shared/src/components/ox-colored-stripe.js
shared/src/components/change-student-id-form.js
shared/src/components/buttons/close-button.js
shared/src/components/buttons/async-button.js
shared/src/components/buttons/refresh-button.js
shared/src/components/enroll/confirm-join-course.js
shared/src/components/enroll/message-list.js
shared/src/components/enroll/cc-conflict-message.js
shared/src/components/enroll/cc-join-conflict.js
shared/src/components/exercise-preview/controls-overlay.js
shared/src/components/surety-guard.js
shared/src/components/logos/tutor-horizontal.js
shared/src/components/logos/concept-coach-horizontal.js
shared/src/components/demo.js
shared/src/components/resize-listener-mixin.js
shared/src/components/exercise/controls.js
shared/src/components/exercise/index.js
shared/src/components/exercise/part.js
shared/src/components/exercise/props.js
shared/src/components/exercise/intro.js
shared/src/components/exercise/part-card.js
shared/src/components/exercise/free-response.js
shared/src/components/exercise/mode.js
shared/src/components/exercise/group.js
shared/src/components/exercise/settings.js
shared/src/components/scroll-tracker.js
shared/src/components/exercise-identifier-link.js
shared/src/components/bs-field-group.js
shared/src/components/breadcrumb/index.js
shared/src/components/chapter-section-mixin.js
shared/src/components/notifications/course-has-ended.js
shared/src/components/notifications/system.js
shared/src/components/notifications/missing-student-id.js
shared/src/components/notifications/bar.js
shared/src/components/notifications/email.js
shared/src/components/scroll-to-mixin.js
shared/src/components/get-position-mixin.js
shared/src/components/markdown.js
shared/src/factories/button-link.js
shared/src/factories/link.js
shared/src/model/user.js
shared/src/model/ui-settings.js
shared/src/model/urls.js
shared/src/model/networking.js
shared/src/model/notifications.js
shared/src/model/notifications/pollers.js
shared/src/api/interceptors.js
shared/src/api/index.js
shared/src/api/action-adapter.js
shared/src/api/collections.js
shared/src/helpers/html-videos.js
shared/src/helpers/keys.js
shared/src/helpers/step-helps.js
shared/src/helpers/react.js
shared/src/helpers/logging.js
shared/src/helpers/router.js
shared/src/helpers/props.js
shared/src/helpers/match-by-router.js
shared/src/helpers/step-content.js
exercises/test/all-tests.js
exercises/test/config/karma.common.js
exercises/test/config/karma-dev.config.js
exercises/test/config/karma.config.js
exercises/test/config/test-runner.js
exercises/test/config/karma-coverage.config.js
exercises/test/all-source-files.js
exercises/test/karma.config.js
tutor/src/screens/lms-pair/create-course.jsx
tutor/src/screens/lms-pair/index.jsx
tutor/src/screens/lms-pair/existing-course.jsx
tutor/src/screens/qa-view/view.jsx
tutor/src/screens/qa-view/view-toggle.jsx
tutor/src/screens/qa-view/exercises.jsx
tutor/src/screens/qa-view/index.bak.js
tutor/src/screens/qa-view/index.jsx
tutor/src/screens/qa-view/exercise-card.jsx
tutor/src/screens/qa-view/ecosystem-selector.jsx
tutor/src/screens/scores-report/average-info.jsx
tutor/src/screens/scores-report/pie-progress.jsx
tutor/src/screens/scores-report/view-weights-modal.jsx
tutor/src/screens/scores-report/overall-cell.jsx
tutor/src/screens/scores-report/table-filters.jsx
tutor/src/screens/scores-report/reading-cell.jsx
tutor/src/screens/scores-report/absent-cell.jsx
tutor/src/screens/scores-report/sorting-header.jsx
tutor/src/screens/scores-report/concept-coach-cell.jsx
tutor/src/screens/scores-report/name-cell.jsx
tutor/src/screens/scores-report/table.jsx
tutor/src/screens/scores-report/late-work.jsx
tutor/src/screens/scores-report/external-cell.jsx
tutor/src/screens/scores-report/homework-cell.jsx
tutor/src/screens/scores-report/nav.jsx
tutor/src/screens/scores-report/index.jsx
tutor/src/screens/scores-report/assignment-header.jsx
tutor/src/screens/scores-report/export.jsx
tutor/src/screens/scores-report/lms-push.jsx
tutor/src/screens/scores-report/assignment-cell.jsx
tutor/src/screens/scores-report/overall-header.jsx
tutor/src/screens/scores-report/export-controls.jsx
tutor/src/screens/scores-report/set-weights-modal.jsx
tutor/src/screens/scores-report/correctness-value.jsx
tutor/src/screens/student-dashboard/event-info-icon.jsx
tutor/src/screens/student-dashboard/reading-row.jsx
tutor/src/screens/student-dashboard/all-events-by-week.jsx
tutor/src/screens/student-dashboard/surveys.jsx
tutor/src/screens/student-dashboard/event-task-row.jsx
tutor/src/screens/student-dashboard/event-row.jsx
tutor/src/screens/student-dashboard/generic-event-row.jsx
tutor/src/screens/student-dashboard/this-week-panel.jsx
tutor/src/screens/student-dashboard/events-panel.jsx
tutor/src/screens/student-dashboard/upcoming-panel.jsx
tutor/src/screens/student-dashboard/external-row.jsx
tutor/src/screens/student-dashboard/dashboard.jsx
tutor/src/screens/student-dashboard/homework-row.jsx
tutor/src/screens/student-dashboard/index.jsx
tutor/src/screens/student-dashboard/empty-panel.jsx
tutor/src/screens/teacher-dashboard/header.jsx
tutor/src/screens/teacher-dashboard/task-dnd.jsx
tutor/src/screens/teacher-dashboard/past-assignments.jsx
tutor/src/screens/teacher-dashboard/sidebar-toggle.jsx
tutor/src/screens/teacher-dashboard/add-assignment-sidebar.jsx
tutor/src/screens/teacher-dashboard/plan-details.jsx
tutor/src/screens/teacher-dashboard/duration.jsx
tutor/src/screens/teacher-dashboard/month-title-nav.jsx
tutor/src/screens/teacher-dashboard/plan.jsx
tutor/src/screens/teacher-dashboard/plan-label.jsx
tutor/src/screens/teacher-dashboard/month.jsx
tutor/src/screens/teacher-dashboard/add.jsx
tutor/src/screens/teacher-dashboard/index.jsx
tutor/src/screens/teacher-dashboard/add-menu.jsx
tutor/src/screens/teacher-dashboard/plan-display.jsx
tutor/src/screens/teacher-dashboard/plan-clone-placeholder.jsx
tutor/src/screens/reference-book/page-navigation.jsx
tutor/src/screens/reference-book/section-title.jsx
tutor/src/screens/reference-book/teacher-content-toggle.jsx
tutor/src/screens/reference-book/annotation-summary-toggle.jsx
tutor/src/screens/reference-book/index.jsx
tutor/src/screens/reference-book/reference-book.jsx
tutor/src/screens/surveys/index.jsx
tutor/src/screens/new-course/bio1e-unavailable.jsx
tutor/src/screens/new-course/select-dates.jsx
tutor/src/screens/new-course/course-numbers.jsx
tutor/src/screens/new-course/select-course.jsx
tutor/src/screens/new-course/new-or-copy.jsx
tutor/src/screens/new-course/offering-title.jsx
tutor/src/screens/new-course/build-course.jsx
tutor/src/screens/new-course/back-button.jsx
tutor/src/screens/new-course/course-clone.jsx
tutor/src/screens/new-course/course-name.jsx
tutor/src/screens/new-course/index.jsx
tutor/src/screens/new-course/select-type.jsx
tutor/src/screens/new-course/offering-unavail.jsx
tutor/src/screens/new-course/wizard.jsx
tutor/src/screens/new-course/bio2e-unavailable.jsx
tutor/src/screens/question-library/exercise-controls.jsx
tutor/src/screens/question-library/sections-chooser.jsx
tutor/src/screens/question-library/dashboard.jsx
tutor/src/screens/question-library/unsaved-dialog.jsx
tutor/src/screens/question-library/loading-display.jsx
tutor/src/screens/question-library/index.jsx
tutor/src/screens/question-library/exercises-display.jsx
tutor/src/components/multi-select.jsx
tutor/src/components/navbar/book-links.jsx
tutor/src/components/navbar/user-menu.jsx
tutor/src/components/navbar/best-practices-guide.jsx
tutor/src/components/navbar/student-previews-link.jsx
tutor/src/components/navbar/actions-menu.jsx
tutor/src/components/navbar/center-controls.jsx
tutor/src/components/navbar/course-nag.jsx
tutor/src/components/navbar/plugable.jsx
tutor/src/components/navbar/index.jsx
tutor/src/components/navbar/logout.jsx
tutor/src/components/navbar/preview-add-course-btn.jsx
tutor/src/components/navbar/username.jsx
tutor/src/components/navbar/support-menu.jsx
tutor/src/components/navbar/student-pay-now-btn.jsx
tutor/src/components/navbar/account-link.jsx
tutor/src/components/navbar/support-document-link.jsx
tutor/src/components/payments/manage.jsx
tutor/src/components/payments/refund-modal.jsx
tutor/src/components/payments/panel.jsx
tutor/src/components/payments/modal.jsx
tutor/src/components/branding/course.jsx
tutor/src/components/tri-state-checkbox.jsx
tutor/src/components/tours/conductor.jsx
tutor/src/components/tours/anchor.jsx
tutor/src/components/tours/region.jsx
tutor/src/components/tours/custom/no-hole-wheel.jsx
tutor/src/components/tours/custom/centered-wheel.jsx
tutor/src/components/tours/custom/how-to-build-your-reading.jsx
tutor/src/components/tours/custom/super-training-wheel.jsx
tutor/src/components/tours/custom/centered-no-hole-wheel.jsx
tutor/src/components/tours/custom/no-close-and-footer.jsx
tutor/src/components/tours/custom/how-to-use-ql.jsx
tutor/src/components/tours/custom/force-scroll-on-mount.jsx
tutor/src/components/tours/custom/common.jsx
tutor/src/components/tours/custom/how-to-use-preview.jsx
tutor/src/components/tours/custom/tips-now-or-later.jsx
tutor/src/components/tours/custom/no-close.jsx
tutor/src/components/tours/custom/mini-notice.jsx
tutor/src/components/tours/custom/biology2e_available.jsx
tutor/src/components/tours/custom/instructor-welcome-to-tutor.jsx
tutor/src/components/tours/custom/viewed-on-blur.jsx
tutor/src/components/tours/custom/new-enrollment-link.jsx
tutor/src/components/tours/custom/student-welcome-to-tutor.jsx
tutor/src/components/change-student-id.jsx
tutor/src/components/root.jsx
tutor/src/components/buttons/browse-the-book.jsx
tutor/src/components/invalid-page.jsx
tutor/src/components/course-settings/student-access.jsx
tutor/src/components/course-settings/timezone.jsx
tutor/src/components/course-settings/lms-panel.jsx
tutor/src/components/course-settings/index.jsx
tutor/src/components/course-settings/rename-course.jsx
tutor/src/components/sections-chooser.jsx
tutor/src/components/enroll/course-ended.jsx
tutor/src/components/enroll/unknown-error.jsx
tutor/src/components/enroll/invalid-teacher.jsx
tutor/src/components/enroll/student-id.jsx
tutor/src/components/enroll/invalid-links-use.jsx
tutor/src/components/enroll/dropped-student.jsx
tutor/src/components/enroll/invalid-code.jsx
tutor/src/components/enroll/invalid-lms-use.jsx
tutor/src/components/enroll/invalid-lms.jsx
tutor/src/components/enroll.jsx
tutor/src/components/error-monitoring/async-load-error.jsx
tutor/src/components/error-monitoring/handlers.jsx
tutor/src/components/error-monitoring/index.jsx
tutor/src/components/error-monitoring/server-error-message.jsx
tutor/src/components/decorators/window-resize.jsx
tutor/src/components/plan-stats/performances.jsx
tutor/src/components/plan-stats/course-bar.jsx
tutor/src/components/plan-stats/event.jsx
tutor/src/components/plan-stats/progress.jsx
tutor/src/components/plan-stats/no-students.jsx
tutor/src/components/plan-stats/index.jsx
tutor/src/components/toasts/reload.jsx
tutor/src/components/toasts/lms.jsx
tutor/src/components/toasts/scores.jsx
tutor/src/components/performance-forecast/weakest-practice-button.jsx
tutor/src/components/loading-screen.jsx
tutor/src/components/support-email-link.jsx
tutor/src/components/book-menu/menu.jsx
tutor/src/components/book-menu/toggle.jsx
tutor/src/components/course-page.jsx
tutor/src/components/task-plan/reading/no-questions-tooltip.jsx
tutor/src/components/task-plan/footer/help-tooltip.jsx
tutor/src/components/task-plan/footer/save-as-draft.jsx
tutor/src/components/task-plan/footer/back-button.jsx
tutor/src/components/task-plan/footer/delete-link.jsx
tutor/src/components/task-plan/footer/preview-button.jsx
tutor/src/components/task-plan/footer/cancel-button.jsx
tutor/src/components/task-plan/footer/index.jsx
tutor/src/components/task-plan/footer/save-button.jsx
tutor/src/components/task-plan/lms-info.jsx
tutor/src/components/task-plan/homework/exercise-controls.jsx
tutor/src/components/task-plan/homework/exercises-table.jsx
tutor/src/components/task-plan/homework/review-exercises.jsx
tutor/src/components/task-plan/homework/selections-tooltip.jsx
tutor/src/components/task-plan/homework/add-exercises.jsx
tutor/src/components/task-plan/homework/choose-exercises.jsx
tutor/src/components/task-plan/select-topics.jsx
tutor/src/components/course-periods-nav.jsx
tutor/src/components/annotations/inline-controls.jsx
tutor/src/components/annotations/annotation.jsx
tutor/src/components/annotations/summary-page.jsx
tutor/src/components/annotations/highlight-icon.jsx
tutor/src/components/annotations/sections-filter.jsx
tutor/src/components/annotations/sidebar-buttons.jsx
tutor/src/components/annotations/summary-toggle.jsx
tutor/src/components/annotations/annotation-card.jsx
tutor/src/components/annotations/summary-popup.jsx
tutor/src/components/annotations/edit-box.jsx
tutor/src/components/cc-student-redirect.jsx
tutor/src/components/tabs.jsx
tutor/src/components/exercises/cards.jsx
tutor/src/components/exercises/sectionizer.jsx
tutor/src/components/exercises/preview.jsx
tutor/src/components/exercises/details.jsx
tutor/src/components/exercises/no-exercises-found.jsx
tutor/src/components/student-preview/index.jsx
tutor/src/components/student-preview/builder-popup.jsx
tutor/src/components/icons/best-practices.jsx
tutor/src/components/app.jsx
tutor/src/components/accessibility-statement.jsx
tutor/src/components/warning-modal.jsx
tutor/src/components/copy-on-focus-input.jsx
tutor/src/components/task-teacher-review/exercise.jsx
tutor/src/components/task-teacher-review/index.jsx
tutor/src/components/task-teacher-review/no-stats.jsx
tutor/src/components/task-teacher-review/review.jsx
tutor/src/components/task-teacher-review/breadcrumbs.jsx
tutor/src/components/book-page/exercise.jsx
tutor/src/components/browser-warning-modal/index.jsx
tutor/src/components/paging-navigation.jsx
tutor/src/components/my-courses/course.jsx
tutor/src/components/my-courses/listings.jsx
tutor/src/components/my-courses/pending-verification.jsx
tutor/src/components/my-courses/no-hs-teachers.jsx
tutor/src/components/my-courses/create-a-course.jsx
tutor/src/components/my-courses/index.jsx
tutor/src/components/my-courses/course-dnd.jsx
tutor/src/components/my-courses/empty.jsx
tutor/src/components/terms-modal.jsx
tutor/src/components/new-tab-link.jsx
tutor/src/components/obscured-page/overlay.jsx
tutor/src/components/onboarding/free-trial-ended.jsx
tutor/src/components/onboarding/make-payment.jsx
tutor/src/components/onboarding/onboarding-nag.jsx
tutor/src/components/onboarding/nag-components.jsx
tutor/src/components/onboarding/course-use-tips.jsx
tutor/src/components/onboarding/freshly-created-course.jsx
tutor/src/components/onboarding/second-session-warning.jsx
tutor/src/components/onboarding/pay-now-or-later.jsx
tutor/src/components/onboarding/free-trial-activated.jsx
tutor/src/components/onboarding/preview-only-warning.jsx
tutor/src/components/onboarding/payments-disabled.jsx
tutor/src/components/onboarding/thank-you-for-now.jsx
tutor/src/components/onboarding/expired-preview-warning.jsx
tutor/src/components/course-title-banner.jsx
tutor/src/components/course-roster/change-period.jsx
tutor/src/components/course-roster/dropped-roster.jsx
tutor/src/components/course-roster/remove-teacher.jsx
tutor/src/components/course-roster/undrop-student.jsx
tutor/src/components/course-roster/teacher-roster.jsx
tutor/src/components/course-roster/add-teacher-link.jsx
tutor/src/components/course-roster/delete-period.jsx
tutor/src/components/course-roster/drop-student.jsx
tutor/src/components/course-roster/student-id-field.jsx
tutor/src/components/course-roster/rename-period.jsx
tutor/src/components/course-roster/view-archived-periods.jsx
tutor/src/components/course-roster/index.jsx
tutor/src/components/course-roster/add-period.jsx
tutor/src/components/course-roster/student-roster.jsx
tutor/src/components/course-roster/period-roster.jsx
tutor/src/components/choices-listing.jsx
tutor/src/helpers/conditional-handlers.jsx
shared/specs/components/corner-ribbon.spec.jsx
shared/specs/components/static.spec.jsx
shared/specs/components/popout-window.spec.jsx
shared/specs/components/spy-mode.spec.jsx
shared/src/components/exercise-badges/index.jsx
shared/src/components/exercise-badges/multipart-icon.jsx
shared/src/components/exercise-badges/interactive-icon.jsx
shared/src/components/spy-mode.jsx
shared/src/components/exercise-preview/index.jsx
shared/src/components/toasts/index.jsx
shared/src/components/question/formats-listing.jsx
shared/src/components/question/answer.jsx
shared/src/components/question/feedback.jsx
shared/src/components/question/instructions.jsx
shared/src/components/question/index.jsx
shared/src/components/question/answers-table.jsx
shared/src/components/toasts.jsx
shared/src/components/popout-window.jsx
shared/src/components/corner-ribbon.jsx
exercises/specs/components/preview/controls.spec.jsx
exercises/src/components/exercise-state.jsx
exercises/src/components/exercise.jsx
exercises/src/components/tags/error.jsx
exercises/src/components/tags/requires-context.jsx
exercises/src/components/tags/blooms.jsx
exercises/src/components/tags/wrapper.jsx
exercises/src/components/tags/dok.jsx
exercises/src/components/tags/lo.jsx
exercises/src/components/tags/multi-input.jsx
exercises/src/components/tags/filter-type.jsx
exercises/src/components/tags/single-dropdown.jsx
exercises/src/components/tags/cnx-mod.jsx
exercises/src/components/tags/cnx-feature.jsx
exercises/src/components/tags/book-selection.jsx
exercises/src/components/tags/time.jsx
exercises/src/components/tags/question-type.jsx
exercises/src/components/tags/books.jsx
exercises/src/components/search/clause.jsx
exercises/src/components/search/controls.jsx
exercises/src/components/user-actions-menu.jsx
exercises/src/components/preview.jsx
exercises/src/components/exercise/question-format-type.jsx
exercises/src/components/exercise/tags.jsx
exercises/src/components/exercise/answer.jsx
exercises/src/components/exercise/controls.jsx
exercises/src/components/exercise/preview.jsx
exercises/src/components/exercise/question.jsx
exercises/src/components/exercise/attachments.jsx
exercises/src/components/exercise/attachments/attachment.jsx
exercises/src/components/exercise/attachments/chooser.jsx
exercises/src/components/exercise/mpq-toggle.jsx
exercises/src/components/preview/controls.jsx
exercises/src/components/search.jsx
exercises/src/app.jsx
